Rozpoczynamy wczytywanie ścieżki utils/images/Deep_vs_Real/Train/Real
Rozpoczynamy wczytywanie ścieżki utils/images/Deep_vs_Real/Train/Fake
Rozpoczynamy wczytywanie ścieżki utils/images/Deep_vs_Real/Validation/Real
Rozpoczynamy wczytywanie ścieżki utils/images/Deep_vs_Real/Validation/Fake
Rozpoczynamy wczytywanie ścieżki utils/images/Deep_vs_Real/Test/Real
Rozpoczynamy wczytywanie ścieżki utils/images/Deep_vs_Real/Test/Fake
[DEBUG] epoch 0 train loss = 0.3364
[DEBUG] val prob mean=0.582, std=0.447
[DEBUG] val preds distribution: {0: 1651, 1: 2152}
[DEBUG] first 20 labels:     [0, 0, 0, 0, 0, 0, 0, 0, 0, 0, 0, 0, 0, 0, 0, 0, 0, 0, 0, 0]
[DEBUG] first 20 preds:      [0, 0, 0, 0, 0, 0, 0, 0, 0, 0, 0, 0, 0, 0, 0, 0, 1, 0, 0, 0]
[DEBUG] first 20 probs_cls1: [0.04133075103163719, 0.14851786196231842, 0.15433916449546814, 0.18959620594978333, 0.007354906760156155, 0.004220014903694391, 0.0038722956087440252, 0.2231922298669815, 0.18032653629779816, 0.1350916475057602, 0.020943371579051018, 0.011173726059496403, 0.0379251204431057, 0.0890393927693367, 0.09793674945831299, 0.00846676155924797, 0.9965347051620483, 0.007539569865912199, 0.18910303711891174, 0.05918711796402931]
[DEBUG] epoch 1 train loss = 0.1027
[DEBUG] val prob mean=0.417, std=0.460
[DEBUG] val preds distribution: {0: 2183, 1: 1620}
[DEBUG] first 20 labels:     [0, 0, 0, 0, 0, 0, 0, 0, 0, 0, 0, 0, 0, 0, 0, 0, 0, 0, 0, 0]
[DEBUG] first 20 preds:      [0, 0, 0, 0, 0, 0, 0, 0, 0, 0, 0, 0, 0, 0, 0, 0, 0, 0, 0, 0]
[DEBUG] first 20 probs_cls1: [7.562385235360125e-06, 9.36142896534875e-06, 0.0009823075961321592, 2.68142503045965e-05, 1.3019935067859478e-06, 2.6968680799654976e-07, 4.0599079653702574e-08, 0.00011386024561943486, 2.6922954930341803e-05, 6.97834839229472e-05, 3.8210208685995894e-07, 1.6342470416930155e-06, 2.6370100840722444e-06, 6.473564280895516e-05, 1.390321813232731e-05, 2.1641507430558704e-07, 0.05090443044900894, 4.3794068460556446e-07, 6.1130472204240505e-06, 5.438020252768183e-06]
[DEBUG] epoch 2 train loss = 0.0781
[DEBUG] val prob mean=0.494, std=0.486
[DEBUG] val preds distribution: {0: 1918, 1: 1885}
[DEBUG] first 20 labels:     [0, 0, 0, 0, 0, 0, 0, 0, 0, 0, 0, 0, 0, 0, 0, 0, 0, 0, 0, 0]
[DEBUG] first 20 preds:      [0, 0, 0, 0, 0, 0, 0, 0, 0, 0, 0, 0, 0, 0, 0, 0, 0, 0, 0, 0]
[DEBUG] first 20 probs_cls1: [3.514258060022257e-05, 4.405830259202048e-05, 0.020075298845767975, 0.00011340761557221413, 6.015311100782128e-06, 2.892175530178065e-07, 3.5663333619595505e-08, 0.0009353364584967494, 0.0004447246028576046, 0.0007295393152162433, 4.1159259126288816e-05, 4.698972020378278e-07, 0.0005118876579217613, 8.090165647445247e-05, 0.006433785427361727, 1.4154997188597918e-05, 0.10286916792392731, 1.914047743412084e-06, 6.680630031041801e-05, 2.4914985260693356e-05]
[DEBUG] epoch 3 train loss = 0.0427
[DEBUG] val prob mean=0.502, std=0.492
[DEBUG] val preds distribution: {0: 1888, 1: 1915}
[DEBUG] first 20 labels:     [0, 0, 0, 0, 0, 0, 0, 0, 0, 0, 0, 0, 0, 0, 0, 0, 0, 0, 0, 0]
[DEBUG] first 20 preds:      [0, 0, 0, 0, 0, 0, 0, 0, 0, 0, 0, 0, 0, 0, 0, 0, 0, 0, 0, 0]
[DEBUG] first 20 probs_cls1: [9.716518252389506e-05, 9.558798410580494e-07, 0.0006440334254875779, 0.00011894340423168615, 2.8902747999381972e-06, 1.187151070780601e-07, 2.4423312261490082e-09, 0.005827381741255522, 8.202326716855168e-05, 0.0017159971175715327, 1.3685544786312676e-07, 4.112626683649978e-08, 0.00015092952526174486, 1.9475643057376146e-05, 0.0022172757890075445, 7.967296937749779e-07, 0.02426161989569664, 5.782733225601078e-08, 1.7058218872989528e-05, 8.573798027100565e-07]
[DEBUG] epoch 4 train loss = 0.0277
[DEBUG] val prob mean=0.495, std=0.492
[DEBUG] val preds distribution: {0: 1915, 1: 1888}
[DEBUG] first 20 labels:     [0, 0, 0, 0, 0, 0, 0, 0, 0, 0, 0, 0, 0, 0, 0, 0, 0, 0, 0, 0]
[DEBUG] first 20 preds:      [0, 0, 0, 0, 0, 0, 0, 0, 0, 0, 0, 0, 0, 0, 0, 0, 0, 0, 0, 0]
[DEBUG] first 20 probs_cls1: [9.857201075647026e-05, 7.764718361613632e-07, 0.0010968612041324377, 1.8013210137723945e-05, 1.2415426908773952e-06, 1.1258514120982e-08, 4.1901100367169875e-09, 0.002760373754426837, 0.00012814218644052744, 0.0008186175255104899, 1.2850933650554452e-08, 5.008701453590447e-09, 2.458914059388917e-05, 2.299165862496011e-05, 0.001763528911396861, 3.7272081954142777e-07, 0.0004750956140924245, 6.155747911407161e-08, 1.2520152267825324e-05, 2.9310646709745924e-07]
[DEBUG] epoch 5 train loss = 0.0204
[DEBUG] val prob mean=0.512, std=0.492
[DEBUG] val preds distribution: {0: 1863, 1: 1940}
[DEBUG] first 20 labels:     [0, 0, 0, 0, 0, 0, 0, 0, 0, 0, 0, 0, 0, 0, 0, 0, 0, 0, 0, 0]
[DEBUG] first 20 preds:      [0, 0, 0, 0, 0, 0, 0, 0, 0, 0, 0, 0, 0, 0, 0, 0, 0, 0, 0, 0]
[DEBUG] first 20 probs_cls1: [0.0005390001460909843, 0.00012477251584641635, 0.007188084069639444, 0.0001552188186906278, 1.5368632375611924e-05, 3.8817450587202984e-08, 7.977665639202769e-09, 0.016463136300444603, 0.003542122431099415, 0.002176375826820731, 6.157450371802042e-08, 5.558539939443108e-08, 0.00031889230012893677, 6.304294220171869e-05, 0.010024462826550007, 4.613666533259675e-06, 0.02253490500152111, 1.364912350254599e-06, 4.7925783292157575e-05, 1.5140369669097709e-06]
[DEBUG] epoch 6 train loss = 0.0244
[DEBUG] val prob mean=0.478, std=0.490
[DEBUG] val preds distribution: {0: 1966, 1: 1837}
[DEBUG] first 20 labels:     [0, 0, 0, 0, 0, 0, 0, 0, 0, 0, 0, 0, 0, 0, 0, 0, 0, 0, 0, 0]
[DEBUG] first 20 preds:      [0, 0, 0, 0, 0, 0, 0, 0, 0, 0, 0, 0, 0, 0, 0, 0, 0, 0, 0, 0]
[DEBUG] first 20 probs_cls1: [6.0987742472207174e-05, 5.573493240262906e-07, 8.499392606609035e-06, 9.132876925832534e-07, 3.395045666820806e-07, 9.806219170016561e-10, 7.162272619605503e-13, 8.631374657852575e-05, 5.285298811941175e-06, 3.2507073228771333e-06, 2.533571219487385e-08, 4.230291394957675e-10, 3.2966545404633507e-06, 2.255461595268571e-06, 0.00017864254186861217, 9.86694175253433e-08, 0.0020476817153394222, 3.9897006587352735e-08, 1.8683488178794505e-07, 4.154220523133745e-09]
[DEBUG] epoch 7 train loss = 0.0268
[DEBUG] val prob mean=0.475, std=0.488
[DEBUG] val preds distribution: {0: 1980, 1: 1823}
[DEBUG] first 20 labels:     [0, 0, 0, 0, 0, 0, 0, 0, 0, 0, 0, 0, 0, 0, 0, 0, 0, 0, 0, 0]
[DEBUG] first 20 preds:      [0, 0, 0, 0, 0, 0, 0, 0, 0, 0, 0, 0, 0, 0, 0, 0, 0, 0, 0, 0]
[DEBUG] first 20 probs_cls1: [3.7200486531219212e-06, 4.2066162109222205e-08, 0.0003366413002368063, 1.4164828598950407e-06, 1.5955886567553534e-07, 4.3075907424361404e-11, 8.593796681222177e-12, 8.813797467155382e-05, 2.7481967208586866e-06, 2.7686326575349085e-05, 2.2351803741216258e-10, 3.2869845734140313e-10, 2.9750162866548635e-06, 4.1408217299476746e-08, 1.7216141714015976e-05, 2.9451152627757438e-09, 2.9422757506836206e-05, 3.346528387737635e-08, 7.310656201298116e-06, 9.70442282088868e-10]
[DEBUG] epoch 8 train loss = 0.0173
[DEBUG] val prob mean=0.504, std=0.495
[DEBUG] val preds distribution: {0: 1889, 1: 1914}
[DEBUG] first 20 labels:     [0, 0, 0, 0, 0, 0, 0, 0, 0, 0, 0, 0, 0, 0, 0, 0, 0, 0, 0, 0]
[DEBUG] first 20 preds:      [0, 0, 0, 0, 0, 0, 0, 0, 0, 0, 0, 0, 0, 0, 0, 0, 0, 0, 0, 0]
[DEBUG] first 20 probs_cls1: [0.00016853056149557233, 9.416171451448463e-07, 0.0013949077110737562, 4.1500247789372224e-06, 6.7408486756903585e-06, 3.037095297475645e-10, 7.921210215533492e-11, 0.00034773090737871826, 0.0007910474669188261, 0.0002897108788602054, 5.536927583094098e-10, 6.411418618235132e-10, 1.0761109479062725e-05, 7.075090252328664e-06, 0.0073838382959365845, 2.2167915858517517e-07, 0.0006112972623668611, 3.2937148120026905e-08, 7.1596496127313e-06, 7.789269318436709e-08]
[DEBUG] epoch 9 train loss = 0.0103
[DEBUG] val prob mean=0.496, std=0.495
[DEBUG] val preds distribution: {0: 1913, 1: 1890}
[DEBUG] first 20 labels:     [0, 0, 0, 0, 0, 0, 0, 0, 0, 0, 0, 0, 0, 0, 0, 0, 0, 0, 0, 0]
[DEBUG] first 20 preds:      [0, 0, 0, 0, 0, 0, 0, 0, 0, 0, 0, 0, 0, 0, 0, 0, 0, 0, 0, 0]
[DEBUG] first 20 probs_cls1: [2.0497770947258687e-06, 3.2551363826627266e-09, 8.698218880454078e-05, 1.1724434045845555e-07, 1.798331652480556e-07, 2.4138335427692503e-11, 1.25583885738495e-12, 3.721069515449926e-05, 8.403741958318278e-06, 1.6675316146574914e-05, 6.2363339319027045e-12, 5.434408131832491e-12, 1.759720021254907e-06, 3.2690810058966235e-08, 0.0012323540868237615, 2.336555393611661e-09, 1.5300554878194816e-05, 7.144110303336504e-10, 5.910552545174141e-07, 5.989655993410281e-10]
[DEBUG] epoch 10 train loss = 0.0068
[DEBUG] val prob mean=0.502, std=0.497
[DEBUG] val preds distribution: {0: 1895, 1: 1908}
[DEBUG] first 20 labels:     [0, 0, 0, 0, 0, 0, 0, 0, 0, 0, 0, 0, 0, 0, 0, 0, 0, 0, 0, 0]
[DEBUG] first 20 preds:      [0, 0, 0, 0, 0, 0, 0, 0, 0, 0, 0, 0, 0, 0, 0, 0, 0, 0, 0, 0]
[DEBUG] first 20 probs_cls1: [5.182406766834902e-06, 1.651160204119151e-07, 0.0002210658713011071, 4.4616692207455344e-07, 1.9842065057673608e-07, 1.460198064892615e-12, 6.105339324380399e-12, 6.695205229334533e-05, 6.357837264658883e-05, 2.4566448701079935e-05, 8.45522263315246e-12, 4.6336892656206885e-12, 2.7419926027505426e-06, 5.964671601077498e-08, 0.001484473585151136, 5.600167884978191e-09, 0.0011306100059300661, 1.5893311111625508e-09, 5.232465696280997e-07, 7.579364913468112e-10]
[DEBUG] epoch 11 train loss = 0.0101
[DEBUG] val prob mean=0.504, std=0.497
[DEBUG] val preds distribution: {0: 1888, 1: 1915}
[DEBUG] first 20 labels:     [0, 0, 0, 0, 0, 0, 0, 0, 0, 0, 0, 0, 0, 0, 0, 0, 0, 0, 0, 0]
[DEBUG] first 20 preds:      [0, 0, 0, 0, 0, 0, 0, 0, 0, 0, 0, 0, 0, 0, 0, 0, 0, 0, 0, 0]
[DEBUG] first 20 probs_cls1: [1.4136455320112873e-05, 1.9718154362635687e-06, 2.9300876121851616e-05, 2.716856215556618e-07, 2.1113127957050892e-07, 6.461180115241438e-12, 2.3548866849576466e-12, 6.160455086501315e-05, 3.5053576539212372e-06, 0.009425794705748558, 1.8879516006098385e-11, 5.248525572487672e-12, 7.785653224345879e-07, 8.385728023085903e-08, 0.0009039691067300737, 3.0546822848975808e-09, 5.917385715292767e-05, 2.9289269676269214e-08, 5.242889073997503e-06, 4.98463437192953e-10]
[DEBUG] epoch 12 train loss = 0.0126
[DEBUG] val prob mean=0.489, std=0.494
[DEBUG] val preds distribution: {0: 1936, 1: 1867}
[DEBUG] first 20 labels:     [0, 0, 0, 0, 0, 0, 0, 0, 0, 0, 0, 0, 0, 0, 0, 0, 0, 0, 0, 0]
[DEBUG] first 20 preds:      [0, 0, 0, 0, 0, 0, 0, 0, 0, 0, 0, 0, 0, 0, 0, 0, 0, 0, 0, 0]
[DEBUG] first 20 probs_cls1: [2.0133030886881897e-07, 3.388470304344082e-08, 1.0001733699027682e-06, 6.1972955656131035e-09, 4.652382035175151e-09, 2.6164219242238475e-14, 2.5257282430888456e-14, 8.92520404249808e-07, 2.676280885793858e-08, 2.3946397050167434e-05, 1.256791979514782e-13, 6.930561268110591e-13, 1.2648965208583718e-09, 1.6058887553072054e-10, 1.7704929632600397e-05, 2.8044452610870296e-12, 1.0058913176180795e-05, 3.764335024247778e-11, 1.4749073073971886e-08, 2.186571670254045e-12]
[DEBUG] epoch 13 train loss = 0.0048
[DEBUG] val prob mean=0.499, std=0.497
[DEBUG] val preds distribution: {0: 1904, 1: 1899}
[DEBUG] first 20 labels:     [0, 0, 0, 0, 0, 0, 0, 0, 0, 0, 0, 0, 0, 0, 0, 0, 0, 0, 0, 0]
[DEBUG] first 20 preds:      [0, 0, 0, 0, 0, 0, 0, 0, 0, 0, 0, 0, 0, 0, 0, 0, 0, 0, 0, 0]
[DEBUG] first 20 probs_cls1: [4.8396902485592364e-08, 1.6992269813442817e-09, 1.8568279074315797e-06, 2.329737736062043e-09, 4.343508219761816e-09, 6.52400403733139e-15, 1.455491018101428e-15, 2.4136097636073828e-06, 6.695061642858491e-07, 2.7093817607237725e-06, 6.94328627795851e-14, 3.7986032776302775e-14, 3.2707700992062883e-09, 3.0472085965627116e-10, 7.32680200599134e-05, 4.233257407809665e-12, 2.4641072741360404e-05, 3.5284414279246334e-12, 9.180031845801295e-09, 1.4407027003685013e-12]
[DEBUG] epoch 14 train loss = 0.0043
[DEBUG] val prob mean=0.492, std=0.496
[DEBUG] val preds distribution: {0: 1929, 1: 1874}
[DEBUG] first 20 labels:     [0, 0, 0, 0, 0, 0, 0, 0, 0, 0, 0, 0, 0, 0, 0, 0, 0, 0, 0, 0]
[DEBUG] first 20 preds:      [0, 0, 0, 0, 0, 0, 0, 0, 0, 0, 0, 0, 0, 0, 0, 0, 0, 0, 0, 0]
[DEBUG] first 20 probs_cls1: [2.3941972848717796e-09, 1.6932151514215121e-10, 3.631116385349742e-07, 7.7516597307703e-11, 2.505065932467687e-09, 3.9732060330477164e-16, 3.408265232777844e-16, 1.4750861510037794e-07, 3.071409793165003e-08, 3.387119420494855e-07, 1.4678805690209167e-15, 7.957897832860201e-16, 3.6162972616438083e-10, 1.917303121823366e-10, 5.943394626228837e-06, 7.466544201494008e-13, 4.9473233048047405e-06, 7.402295464954689e-13, 8.481306679186673e-08, 1.271917141922041e-13]
[DEBUG] epoch 15 train loss = 0.0030
[DEBUG] val prob mean=0.491, std=0.496
[DEBUG] val preds distribution: {0: 1929, 1: 1874}
[DEBUG] first 20 labels:     [0, 0, 0, 0, 0, 0, 0, 0, 0, 0, 0, 0, 0, 0, 0, 0, 0, 0, 0, 0]
[DEBUG] first 20 preds:      [0, 0, 0, 0, 0, 0, 0, 0, 0, 0, 0, 0, 0, 0, 0, 0, 0, 0, 0, 0]
[DEBUG] first 20 probs_cls1: [4.349187232577378e-09, 8.631645745382777e-12, 1.0315625331713818e-07, 2.0216823007346285e-11, 5.206253483880374e-11, 5.483329988032777e-17, 1.9590972511075815e-18, 2.372142837714364e-08, 6.754238279782498e-10, 2.5428013827877294e-07, 1.046288845417504e-16, 1.6958278553877876e-16, 2.7531218624310405e-11, 3.0240934756342597e-11, 7.102215136001178e-07, 5.44325089830381e-14, 4.900204686464349e-08, 8.224717022893568e-14, 4.5426862271824575e-09, 6.409644679166576e-14]
[DEBUG] epoch 16 train loss = 0.0033
[DEBUG] val prob mean=0.504, std=0.498
[DEBUG] val preds distribution: {0: 1887, 1: 1916}
[DEBUG] first 20 labels:     [0, 0, 0, 0, 0, 0, 0, 0, 0, 0, 0, 0, 0, 0, 0, 0, 0, 0, 0, 0]
[DEBUG] first 20 preds:      [0, 0, 0, 0, 0, 0, 0, 0, 0, 0, 0, 0, 0, 0, 0, 0, 0, 0, 0, 0]
[DEBUG] first 20 probs_cls1: [5.674846192960104e-07, 1.0557665852672926e-09, 5.645670739795605e-07, 6.538521724053226e-09, 3.66158964260066e-10, 1.1548242220891895e-14, 3.040407029416978e-16, 1.1994839042017702e-06, 7.4324710830353524e-09, 7.445255050697597e-06, 5.830573654094784e-14, 4.239537543861702e-15, 7.366169896272368e-09, 2.902513784874827e-10, 3.0006287488504313e-05, 2.4390724357760407e-13, 1.0033789976660046e-06, 3.9324862810552474e-12, 8.579444710221651e-09, 1.807994075633812e-12]
[DEBUG] epoch 17 train loss = 0.0035
[DEBUG] val prob mean=0.512, std=0.496
[DEBUG] val preds distribution: {0: 1863, 1: 1940}
[DEBUG] first 20 labels:     [0, 0, 0, 0, 0, 0, 0, 0, 0, 0, 0, 0, 0, 0, 0, 0, 0, 0, 0, 0]
[DEBUG] first 20 preds:      [0, 0, 0, 0, 0, 0, 0, 0, 0, 0, 0, 0, 0, 0, 0, 0, 0, 0, 0, 0]
[DEBUG] first 20 probs_cls1: [0.00014592459774576128, 0.0004139551892876625, 0.0007645332370884717, 1.4153918925785547e-07, 2.687367668841034e-06, 2.6862147285721706e-14, 1.3958882742184583e-14, 3.2363277568947524e-05, 7.536158955190331e-05, 0.0007857581949792802, 1.3857501029914537e-13, 1.3394464031847575e-13, 1.484330027778924e-06, 8.608956392208711e-08, 0.004337138496339321, 2.2455942660926098e-10, 0.0013672522036358714, 2.6078904369342126e-08, 3.3767247487048735e-07, 2.6464951757843025e-11]
[DEBUG] epoch 18 train loss = 0.0022
[DEBUG] val prob mean=0.503, std=0.498
[DEBUG] val preds distribution: {0: 1888, 1: 1915}
[DEBUG] first 20 labels:     [0, 0, 0, 0, 0, 0, 0, 0, 0, 0, 0, 0, 0, 0, 0, 0, 0, 0, 0, 0]
[DEBUG] first 20 preds:      [0, 0, 0, 0, 0, 0, 0, 0, 0, 0, 0, 0, 0, 0, 0, 0, 0, 0, 0, 0]
[DEBUG] first 20 probs_cls1: [2.807378791658266e-07, 4.6053443725213583e-07, 4.848027856496628e-06, 1.138281824353271e-08, 1.344801825453601e-09, 1.3820525733602106e-16, 1.633937937258774e-16, 4.466899952149106e-07, 8.673123375046998e-07, 7.163961981859757e-06, 1.0460778548042988e-15, 3.849435990608142e-16, 3.363505740594519e-08, 1.171894387086425e-10, 0.001210506772622466, 3.6134181584379643e-12, 0.0001807145745260641, 3.74095823763021e-11, 7.113655886570314e-09, 4.484051137668664e-14]
[DEBUG] epoch 19 train loss = 0.0012
[DEBUG] val prob mean=0.501, std=0.498
[DEBUG] val preds distribution: {0: 1898, 1: 1905}
[DEBUG] first 20 labels:     [0, 0, 0, 0, 0, 0, 0, 0, 0, 0, 0, 0, 0, 0, 0, 0, 0, 0, 0, 0]
[DEBUG] first 20 preds:      [0, 0, 0, 0, 0, 0, 0, 0, 0, 0, 0, 0, 0, 0, 0, 0, 0, 0, 0, 0]
[DEBUG] first 20 probs_cls1: [2.2687312029034956e-09, 2.314959890448165e-10, 9.980827719857643e-09, 1.7410557717756348e-10, 2.927857400969458e-10, 5.837753719454598e-17, 5.554866469921772e-18, 1.3818447541780188e-07, 3.6447036499964724e-09, 2.9811135391355492e-06, 1.122084529911371e-16, 4.0032818568990015e-17, 1.0899509073070135e-10, 2.9065843482056763e-11, 1.590990723343566e-05, 1.7311115580831253e-14, 2.3925915471068038e-08, 2.421043834160974e-12, 2.417997135850669e-09, 1.3753168932482615e-14]
[DEBUG] epoch 20 train loss = 0.0006
[DEBUG] val prob mean=0.499, std=0.498
[DEBUG] val preds distribution: {0: 1901, 1: 1902}
[DEBUG] first 20 labels:     [0, 0, 0, 0, 0, 0, 0, 0, 0, 0, 0, 0, 0, 0, 0, 0, 0, 0, 0, 0]
[DEBUG] first 20 preds:      [0, 0, 0, 0, 0, 0, 0, 0, 0, 0, 0, 0, 0, 0, 0, 0, 0, 0, 0, 0]
[DEBUG] first 20 probs_cls1: [4.575647846727371e-11, 8.21622717778192e-12, 1.2158197781886315e-09, 4.939510714514761e-13, 1.7967903640642158e-12, 4.0233196454936085e-18, 1.6339540331595186e-19, 2.9799704370780944e-11, 7.178715521333201e-12, 1.3133434606515948e-07, 3.2381354062302044e-18, 1.6180329001687983e-18, 1.0475260242559514e-10, 8.260602271659145e-12, 7.31750187696889e-05, 2.966668046798163e-17, 2.7602095956091866e-11, 9.7824560138602e-14, 1.1445066248894076e-11, 1.0807506191045616e-15]
[DEBUG] epoch 21 train loss = 0.0019
[DEBUG] val prob mean=0.501, std=0.498
[DEBUG] val preds distribution: {0: 1895, 1: 1908}
[DEBUG] first 20 labels:     [0, 0, 0, 0, 0, 0, 0, 0, 0, 0, 0, 0, 0, 0, 0, 0, 0, 0, 0, 0]
[DEBUG] first 20 preds:      [0, 0, 0, 0, 0, 0, 0, 0, 0, 0, 0, 0, 0, 0, 0, 0, 0, 0, 0, 0]
[DEBUG] first 20 probs_cls1: [2.030535982411319e-11, 6.002200825120166e-14, 4.597875857825784e-08, 6.049005914221528e-12, 7.584993288838049e-13, 2.433677031513702e-17, 1.0837326990202666e-20, 9.142237189507796e-09, 2.226282526385237e-11, 1.0546684592327438e-07, 4.416255768862556e-19, 2.459893900643111e-18, 1.4153650473858193e-11, 1.1889477033108498e-12, 0.0010569706792011857, 4.1294457600313044e-17, 3.914502055835101e-09, 1.0132173386705103e-14, 1.4727190300600768e-10, 1.3465610987768674e-15]
[DEBUG] epoch 22 train loss = 0.0008
[DEBUG] val prob mean=0.499, std=0.498
[DEBUG] val preds distribution: {0: 1903, 1: 1900}
[DEBUG] first 20 labels:     [0, 0, 0, 0, 0, 0, 0, 0, 0, 0, 0, 0, 0, 0, 0, 0, 0, 0, 0, 0]
[DEBUG] first 20 preds:      [0, 0, 0, 0, 0, 0, 0, 0, 0, 0, 0, 0, 0, 0, 0, 0, 0, 0, 0, 0]
[DEBUG] first 20 probs_cls1: [4.981973167339504e-10, 1.039043034419115e-14, 1.0640485714752401e-10, 7.710986363318462e-12, 9.886905747227837e-13, 9.539108862507457e-18, 6.600911385592748e-21, 4.767874983713227e-08, 1.9365202150178895e-11, 9.137182566121282e-09, 2.552875908452186e-17, 9.677391747435243e-19, 7.093727948798145e-12, 4.9138787656943794e-12, 1.7533111531520262e-05, 1.6217421186561903e-16, 1.444890651569608e-09, 4.5759616663356914e-15, 1.904827857945879e-12, 9.85841847914138e-16]
[DEBUG] epoch 23 train loss = 0.0010
[DEBUG] val prob mean=0.501, std=0.499
[DEBUG] val preds distribution: {0: 1896, 1: 1907}
[DEBUG] first 20 labels:     [0, 0, 0, 0, 0, 0, 0, 0, 0, 0, 0, 0, 0, 0, 0, 0, 0, 0, 0, 0]
[DEBUG] first 20 preds:      [0, 0, 0, 0, 0, 0, 0, 0, 0, 0, 0, 0, 0, 0, 0, 0, 0, 0, 0, 0]
[DEBUG] first 20 probs_cls1: [1.0149180384999568e-09, 3.2208365748770396e-12, 1.6542868408464528e-08, 8.52145177338004e-13, 2.096510031551757e-12, 1.456883124194866e-18, 2.232788206443015e-19, 6.930442886243782e-09, 2.859175743386011e-11, 1.3364783058023022e-07, 4.560129877743318e-19, 1.2543269615032137e-18, 1.9399322426227883e-11, 1.0250371731967967e-11, 0.00020198701531626284, 8.052773331537665e-17, 4.273820408684514e-09, 3.0399245403919806e-13, 8.463924006107959e-11, 2.3796702438839924e-16]
[DEBUG] epoch 24 train loss = 0.0004
[DEBUG] val prob mean=0.502, std=0.499
[DEBUG] val preds distribution: {0: 1892, 1: 1911}
[DEBUG] first 20 labels:     [0, 0, 0, 0, 0, 0, 0, 0, 0, 0, 0, 0, 0, 0, 0, 0, 0, 0, 0, 0]
[DEBUG] first 20 preds:      [0, 0, 0, 0, 0, 0, 0, 0, 0, 0, 0, 0, 0, 0, 0, 0, 0, 0, 0, 0]
[DEBUG] first 20 probs_cls1: [2.0397872280142337e-10, 1.1339983639613305e-11, 1.7496319948406835e-09, 1.7587871263546884e-12, 1.0856285488636264e-11, 4.9492023438686074e-18, 7.413374887928937e-20, 3.317440544492456e-08, 2.007929655878371e-10, 2.0384723597999255e-07, 1.2090108022226852e-18, 2.2348430781809618e-18, 1.9236355564000718e-11, 1.1064369906388372e-11, 8.787056867731735e-05, 4.625715216987107e-16, 7.972069226980238e-09, 1.46071475499044e-14, 4.910079565156877e-10, 6.568024763116669e-16]
[DEBUG] epoch 25 train loss = 0.0001
[DEBUG] val prob mean=0.501, std=0.499
[DEBUG] val preds distribution: {0: 1893, 1: 1910}
[DEBUG] first 20 labels:     [0, 0, 0, 0, 0, 0, 0, 0, 0, 0, 0, 0, 0, 0, 0, 0, 0, 0, 0, 0]
[DEBUG] first 20 preds:      [0, 0, 0, 0, 0, 0, 0, 0, 0, 0, 0, 0, 0, 0, 0, 0, 0, 0, 0, 0]
[DEBUG] first 20 probs_cls1: [3.2876475847265496e-11, 1.2594106530219862e-12, 1.5504695305423866e-09, 2.5898700501889027e-13, 2.3725234016974683e-12, 1.03193469752981e-18, 9.707103832700078e-22, 1.80100698798924e-08, 2.0661149874312557e-11, 1.173941370780085e-07, 1.97218744246237e-20, 8.265836983434941e-19, 5.622718545102157e-13, 2.6090095795600066e-12, 7.77878267399501e-06, 1.69483748858399e-17, 3.401819936854622e-10, 3.645533666742995e-15, 2.4267593143334487e-11, 2.0445837452523952e-16]
[DEBUG] epoch 26 train loss = 0.0001
[DEBUG] val prob mean=0.502, std=0.499
[DEBUG] val preds distribution: {0: 1893, 1: 1910}
[DEBUG] first 20 labels:     [0, 0, 0, 0, 0, 0, 0, 0, 0, 0, 0, 0, 0, 0, 0, 0, 0, 0, 0, 0]
[DEBUG] first 20 preds:      [0, 0, 0, 0, 0, 0, 0, 0, 0, 0, 0, 0, 0, 0, 0, 0, 0, 0, 0, 0]
[DEBUG] first 20 probs_cls1: [1.3112975982831898e-11, 1.0025529668597488e-12, 9.346849960678583e-10, 1.0210593899247569e-13, 7.996343387786653e-13, 5.602144675765882e-20, 4.056909182288948e-22, 2.082865879771134e-09, 1.150314912767847e-11, 6.44088871126769e-08, 2.694755556921582e-20, 3.718191716827491e-20, 1.144070081726678e-11, 1.1998187816539274e-12, 5.793792297481559e-06, 1.125689581544224e-17, 4.158848820878802e-10, 8.71810100917499e-15, 9.801286301666656e-13, 3.6607897095048905e-17]
[DEBUG] epoch 27 train loss = 0.0023
[DEBUG] val prob mean=0.501, std=0.499
[DEBUG] val preds distribution: {0: 1895, 1: 1908}
[DEBUG] first 20 labels:     [0, 0, 0, 0, 0, 0, 0, 0, 0, 0, 0, 0, 0, 0, 0, 0, 0, 0, 0, 0]
[DEBUG] first 20 preds:      [0, 0, 0, 0, 0, 0, 0, 0, 0, 0, 0, 0, 0, 0, 0, 0, 0, 0, 0, 0]
[DEBUG] first 20 probs_cls1: [2.6923313838772556e-12, 8.372299164713382e-13, 3.2749444822677276e-10, 5.031131761201735e-14, 1.6306590409562172e-13, 4.300049542846114e-21, 2.3733996855744954e-21, 7.173866833909415e-09, 2.980412141043165e-12, 1.3979507684780401e-06, 5.772899957356116e-21, 1.2165598915997399e-20, 1.6298380288611025e-13, 2.212745164507056e-14, 2.2528031422552885e-06, 2.8776302429448936e-18, 1.4621651667212632e-09, 7.14260946362495e-18, 2.41889407809337e-11, 1.6338747737471995e-17]
[DEBUG] epoch 28 train loss = 0.0001
[DEBUG] val prob mean=0.504, std=0.499
[DEBUG] val preds distribution: {0: 1890, 1: 1913}
[DEBUG] first 20 labels:     [0, 0, 0, 0, 0, 0, 0, 0, 0, 0, 0, 0, 0, 0, 0, 0, 0, 0, 0, 0]
[DEBUG] first 20 preds:      [0, 0, 0, 0, 0, 0, 0, 0, 0, 0, 0, 0, 0, 0, 0, 0, 0, 0, 0, 0]
[DEBUG] first 20 probs_cls1: [6.41868669326584e-10, 1.0664399918702827e-10, 1.8211834262871207e-09, 3.835648432985034e-13, 1.7947045759247882e-12, 2.568491283176764e-20, 1.5178962957565527e-20, 1.0405614148112363e-07, 1.542260485987157e-10, 3.048209509870503e-05, 4.890044596582014e-20, 5.454118249457074e-19, 1.4959322842955647e-12, 7.951112641554903e-13, 6.0777838370995596e-05, 9.860670527989893e-17, 3.654695035493205e-08, 4.5391688315080103e-17, 6.616655001678851e-10, 3.617382844378354e-16]
[DEBUG] epoch 29 train loss = 0.0001
[DEBUG] val prob mean=0.501, std=0.499
[DEBUG] val preds distribution: {0: 1897, 1: 1906}
[DEBUG] first 20 labels:     [0, 0, 0, 0, 0, 0, 0, 0, 0, 0, 0, 0, 0, 0, 0, 0, 0, 0, 0, 0]
[DEBUG] first 20 preds:      [0, 0, 0, 0, 0, 0, 0, 0, 0, 0, 0, 0, 0, 0, 0, 0, 0, 0, 0, 0]
[DEBUG] first 20 probs_cls1: [1.9522016924018726e-13, 7.065798683994484e-13, 6.294694210318141e-10, 1.7632559502116577e-14, 1.213139425070356e-13, 5.012921509172878e-22, 7.696281986726849e-22, 2.230416074056052e-09, 5.396119315270731e-12, 5.850571369592217e-07, 2.3239895784134818e-21, 6.569160251650356e-21, 2.370482282687547e-13, 4.4313202873834737e-14, 2.4998298613354564e-06, 3.716238769250648e-18, 1.2189241838100884e-09, 3.934484583608476e-18, 4.042685890909281e-12, 1.3206307401962285e-17]
